<?xml version="1.0" encoding="UTF-8"?>
<!-- Generated by org.testng.reporters.JUnitXMLReporter -->
<testsuite ignored="0" hostname="Suryakumar" failures="1" tests="3" name="Error Validation Test" time="40.845" errors="0" timestamp="2025-09-28T23:06:10 IST">
  <testcase classname="Selenium_Tests.ErrorValidationsTest" name="LoginErrorValidation" time="1.479">
    <skipped/>
  </testcase> <!-- LoginErrorValidation -->
  <testcase classname="Selenium_Tests.ErrorValidationsTest" name="LoginErrorValidation" time="1.306">
    <failure type="java.lang.AssertionError" message="expected [Incorrect email or password.] but found [Incorrect email  password.]">
      <![CDATA[java.lang.AssertionError: expected [Incorrect email or password.] but found [Incorrect email  password.]
at Selenium_Tests.ErrorValidationsTest.LoginErrorValidation(ErrorValidationsTest.java:26)
at java.base/java.util.ArrayList.forEach(ArrayList.java:1596)
at java.base/java.util.concurrent.FutureTask.run(FutureTask.java:317)
at java.base/java.util.concurrent.ThreadPoolExecutor.runWorker(ThreadPoolExecutor.java:1144)
at java.base/java.util.concurrent.ThreadPoolExecutor$Worker.run(ThreadPoolExecutor.java:642)
at java.base/java.lang.Thread.run(Thread.java:1583)
... Removed 21 stack frames]]>
    </failure>
  </testcase> <!-- LoginErrorValidation -->
  <testcase classname="Selenium_Tests.ErrorValidationsTest" name="ProductErrorValidation" time="13.04"/>
</testsuite> <!-- Error Validation Test -->
